MongoDB shell version v4.2.8
connecting to: mongodb://127.0.0.1:27017/admin?compressors=disabled&gssapiServiceName=mongodb
Implicit session: session { "id" : UUID("4f0bf8b8-88ca-418f-b279-7c112b98d299") }
MongoDB server version: 4.2.8
{
	"host" : "mongodb-1",
	"version" : "4.2.8",
	"process" : "mongod",
	"pid" : NumberLong(1),
	"uptime" : 89,
	"uptimeMillis" : NumberLong(89656),
	"uptimeEstimate" : NumberLong(89),
	"localTime" : ISODate("2020-08-04T07:07:46.975Z"),
	"asserts" : {
		"regular" : 0,
		"warning" : 0,
		"msg" : 0,
		"user" : 29,
		"rollovers" : 0
	},
	"connections" : {
		"current" : 3,
		"available" : 838857,
		"totalCreated" : 14,
		"active" : 1
	},
	"electionMetrics" : {
		"stepUpCmd" : {
			"called" : NumberLong(0),
			"successful" : NumberLong(0)
		},
		"priorityTakeover" : {
			"called" : NumberLong(0),
			"successful" : NumberLong(0)
		},
		"catchUpTakeover" : {
			"called" : NumberLong(0),
			"successful" : NumberLong(0)
		},
		"electionTimeout" : {
			"called" : NumberLong(0),
			"successful" : NumberLong(0)
		},
		"freezeTimeout" : {
			"called" : NumberLong(0),
			"successful" : NumberLong(0)
		},
		"numStepDownsCausedByHigherTerm" : NumberLong(0),
		"numCatchUps" : NumberLong(0),
		"numCatchUpsSucceeded" : NumberLong(0),
		"numCatchUpsAlreadyCaughtUp" : NumberLong(0),
		"numCatchUpsSkipped" : NumberLong(0),
		"numCatchUpsTimedOut" : NumberLong(0),
		"numCatchUpsFailedWithError" : NumberLong(0),
		"numCatchUpsFailedWithNewTerm" : NumberLong(0),
		"numCatchUpsFailedWithReplSetAbortPrimaryCatchUpCmd" : NumberLong(0),
		"averageCatchUpOps" : 0
	},
	"extra_info" : {
		"note" : "fields vary by platform",
		"user_time_us" : NumberLong(1572000),
		"system_time_us" : NumberLong(1608000),
		"maximum_resident_set_kb" : NumberLong(111192),
		"input_blocks" : NumberLong(696),
		"output_blocks" : NumberLong(808),
		"page_reclaims" : NumberLong(20979),
		"page_faults" : NumberLong(0),
		"voluntary_context_switches" : NumberLong(18831),
		"involuntary_context_switches" : NumberLong(3075)
	},
	"flowControl" : {
		"enabled" : true,
		"targetRateLimit" : 1000000000,
		"timeAcquiringMicros" : NumberLong(23),
		"locksPerOp" : 0,
		"sustainerRate" : 0,
		"isLagged" : false,
		"isLaggedCount" : 0,
		"isLaggedTimeMicros" : NumberLong(0)
	},
	"freeMonitoring" : {
		"state" : "undecided"
	},
	"globalLock" : {
		"totalTime" : NumberLong(89653000),
		"currentQueue" : {
			"total" : 0,
			"readers" : 0,
			"writers" : 0
		},
		"activeClients" : {
			"total" : 0,
			"readers" : 0,
			"writers" : 0
		}
	},
	"locks" : {
		"ParallelBatchWriterMode" : {
			"acquireCount" : {
				"r" : NumberLong(206)
			}
		},
		"ReplicationStateTransition" : {
			"acquireCount" : {
				"w" : NumberLong(670),
				"W" : NumberLong(1)
			}
		},
		"Global" : {
			"acquireCount" : {
				"r" : NumberLong(654),
				"w" : NumberLong(13),
				"W" : NumberLong(3)
			}
		},
		"Database" : {
			"acquireCount" : {
				"r" : NumberLong(478),
				"w" : NumberLong(4),
				"W" : NumberLong(8)
			},
			"acquireWaitCount" : {
				"r" : NumberLong(1)
			},
			"timeAcquiringMicros" : {
				"r" : NumberLong(3725)
			}
		},
		"Collection" : {
			"acquireCount" : {
				"r" : NumberLong(212),
				"w" : NumberLong(2),
				"W" : NumberLong(1)
			}
		},
		"Mutex" : {
			"acquireCount" : {
				"r" : NumberLong(489)
			}
		},
		"oplog" : {
			"acquireCount" : {
				"r" : NumberLong(270),
				"w" : NumberLong(1)
			}
		}
	},
	"logicalSessionRecordCache" : {
		"activeSessionsCount" : 3,
		"sessionsCollectionJobCount" : 1,
		"lastSessionsCollectionJobDurationMillis" : 0,
		"lastSessionsCollectionJobTimestamp" : ISODate("2020-08-04T07:06:18.570Z"),
		"lastSessionsCollectionJobEntriesRefreshed" : 0,
		"lastSessionsCollectionJobEntriesEnded" : 0,
		"lastSessionsCollectionJobCursorsClosed" : 0,
		"transactionReaperJobCount" : 1,
		"lastTransactionReaperJobDurationMillis" : 0,
		"lastTransactionReaperJobTimestamp" : ISODate("2020-08-04T07:06:18.570Z"),
		"lastTransactionReaperJobEntriesCleanedUp" : 0,
		"sessionCatalogSize" : 0
	},
	"network" : {
		"bytesIn" : NumberLong(21993),
		"bytesOut" : NumberLong(69211),
		"physicalBytesIn" : NumberLong(21623),
		"physicalBytesOut" : NumberLong(60752),
		"numRequests" : NumberLong(121),
		"compression" : {
			"snappy" : {
				"compressor" : {
					"bytesIn" : NumberLong(77616),
					"bytesOut" : NumberLong(64427)
				},
				"decompressor" : {
					"bytesIn" : NumberLong(60657),
					"bytesOut" : NumberLong(84671)
				}
			},
			"zstd" : {
				"compressor" : {
					"bytesIn" : NumberLong(0),
					"bytesOut" : NumberLong(0)
				},
				"decompressor" : {
					"bytesIn" : NumberLong(0),
					"bytesOut" : NumberLong(0)
				}
			},
			"zlib" : {
				"compressor" : {
					"bytesIn" : NumberLong(0),
					"bytesOut" : NumberLong(0)
				},
				"decompressor" : {
					"bytesIn" : NumberLong(0),
					"bytesOut" : NumberLong(0)
				}
			}
		},
		"serviceExecutorTaskStats" : {
			"executor" : "passthrough",
			"threadsRunning" : 3
		}
	},
	"opLatencies" : {
		"reads" : {
			"latency" : NumberLong(0),
			"ops" : NumberLong(0)
		},
		"writes" : {
			"latency" : NumberLong(0),
			"ops" : NumberLong(0)
		},
		"commands" : {
			"latency" : NumberLong(15497),
			"ops" : NumberLong(120)
		},
		"transactions" : {
			"latency" : NumberLong(0),
			"ops" : NumberLong(0)
		}
	},
	"opReadConcernCounters" : {
		"available" : NumberLong(0),
		"linearizable" : NumberLong(0),
		"local" : NumberLong(0),
		"majority" : NumberLong(0),
		"snapshot" : NumberLong(0),
		"none" : NumberLong(3)
	},
	"opcounters" : {
		"insert" : NumberLong(0),
		"query" : NumberLong(3),
		"update" : NumberLong(0),
		"delete" : NumberLong(0),
		"getmore" : NumberLong(0),
		"command" : NumberLong(113)
	},
	"opcountersRepl" : {
		"insert" : NumberLong(0),
		"query" : NumberLong(0),
		"update" : NumberLong(0),
		"delete" : NumberLong(0),
		"getmore" : NumberLong(0),
		"command" : NumberLong(0)
	},
	"oplogTruncation" : {
		"totalTimeProcessingMicros" : NumberLong(1611),
		"processingMethod" : "scanning",
		"totalTimeTruncatingMicros" : NumberLong(0),
		"truncateCount" : NumberLong(0)
	},
	"repl" : {
		"hosts" : [
			"mongodb-0.mongodb-headless.default.svc.cluster.local:27017",
			"mongodb-1.mongodb-headless.default.svc.cluster.local:27017",
			"mongodb-2.mongodb-headless.default.svc.cluster.local:27017"
		],
		"arbiters" : [
			"mongodb-arbiter-0.mongodb-arbiter-headless.default.svc.cluster.local:27017"
		],
		"setName" : "rs0",
		"setVersion" : 4,
		"ismaster" : false,
		"secondary" : true,
		"me" : "mongodb-1.mongodb-headless.default.svc.cluster.local:27017",
		"lastWrite" : {
			"opTime" : {
				"ts" : Timestamp(1596523850, 1),
				"t" : NumberLong(2)
			},
			"lastWriteDate" : ISODate("2020-08-04T06:50:50Z"),
			"majorityOpTime" : {
				"ts" : Timestamp(1596523850, 1),
				"t" : NumberLong(2)
			},
			"majorityWriteDate" : ISODate("2020-08-04T06:50:50Z")
		},
		"rbid" : 1
	},
	"storageEngine" : {
		"name" : "wiredTiger",
		"supportsCommittedReads" : true,
		"oldestRequiredTimestampForCrashRecovery" : Timestamp(1596523850, 1),
		"supportsPendingDrops" : true,
		"dropPendingIdents" : NumberLong(0),
		"supportsSnapshotReadConcern" : true,
		"readOnly" : false,
		"persistent" : true,
		"backupCursorOpen" : false
	},
	"tcmalloc" : {
		"generic" : {
			"current_allocated_bytes" : 99103928,
			"heap_size" : 103010304
		},
		"tcmalloc" : {
			"pageheap_free_bytes" : 1114112,
			"pageheap_unmapped_bytes" : 0,
			"max_total_thread_cache_bytes" : NumberLong(1073741824),
			"current_total_thread_cache_bytes" : 1131512,
			"total_free_bytes" : 2792264,
			"central_cache_free_bytes" : 274000,
			"transfer_cache_free_bytes" : 1386752,
			"thread_cache_free_bytes" : 1131512,
			"aggressive_memory_decommit" : 0,
			"pageheap_committed_bytes" : 103010304,
			"pageheap_scavenge_count" : 0,
			"pageheap_commit_count" : 57,
			"pageheap_total_commit_bytes" : 103010304,
			"pageheap_decommit_count" : 0,
			"pageheap_total_decommit_bytes" : 0,
			"pageheap_reserve_count" : 57,
			"pageheap_total_reserve_bytes" : 103010304,
			"spinlock_total_delay_ns" : 0,
			"release_rate" : 1,
			"formattedString" : "------------------------------------------------\nMALLOC:       99104504 (   94.5 MiB) Bytes in use by application\nMALLOC: +      1114112 (    1.1 MiB) Bytes in page heap freelist\nMALLOC: +       274000 (    0.3 MiB) Bytes in central cache freelist\nMALLOC: +      1386752 (    1.3 MiB) Bytes in transfer cache freelist\nMALLOC: +      1130936 (    1.1 MiB) Bytes in thread cache freelists\nMALLOC: +      2883584 (    2.8 MiB) Bytes in malloc metadata\nMALLOC:   ------------\nMALLOC: =    105893888 (  101.0 MiB) Actual memory used (physical + swap)\nMALLOC: +            0 (    0.0 MiB) Bytes released to OS (aka unmapped)\nMALLOC:   ------------\nMALLOC: =    105893888 (  101.0 MiB) Virtual address space used\nMALLOC:\nMALLOC:            974              Spans in use\nMALLOC:             61              Thread heaps in use\nMALLOC:           4096              Tcmalloc page size\n------------------------------------------------\nCall ReleaseFreeMemory() to release freelist memory to the OS (via madvise()).\nBytes released to the OS take up virtual address space but no physical memory.\n"
		}
	},
	"trafficRecording" : {
		"running" : false
	},
	"transactions" : {
		"retriedCommandsCount" : NumberLong(0),
		"retriedStatementsCount" : NumberLong(0),
		"transactionsCollectionWriteCount" : NumberLong(0),
		"currentActive" : NumberLong(0),
		"currentInactive" : NumberLong(0),
		"currentOpen" : NumberLong(0),
		"totalAborted" : NumberLong(0),
		"totalCommitted" : NumberLong(0),
		"totalStarted" : NumberLong(0),
		"totalPrepared" : NumberLong(0),
		"totalPreparedThenCommitted" : NumberLong(0),
		"totalPreparedThenAborted" : NumberLong(0),
		"currentPrepared" : NumberLong(0)
	},
	"transportSecurity" : {
		"1.0" : NumberLong(0),
		"1.1" : NumberLong(0),
		"1.2" : NumberLong(0),
		"1.3" : NumberLong(0),
		"unknown" : NumberLong(0)
	},
	"twoPhaseCommitCoordinator" : {
		"totalCreated" : NumberLong(0),
		"totalStartedTwoPhaseCommit" : NumberLong(0),
		"totalAbortedTwoPhaseCommit" : NumberLong(0),
		"totalCommittedTwoPhaseCommit" : NumberLong(0),
		"currentInSteps" : {
			"writingParticipantList" : NumberLong(0),
			"waitingForVotes" : NumberLong(0),
			"writingDecision" : NumberLong(0),
			"waitingForDecisionAcks" : NumberLong(0),
			"deletingCoordinatorDoc" : NumberLong(0)
		}
	},
	"wiredTiger" : {
		"uri" : "statistics:",
		"async" : {
			"current work queue length" : 0,
			"maximum work queue length" : 0,
			"number of allocation state races" : 0,
			"number of flush calls" : 0,
			"number of operation slots viewed for allocation" : 0,
			"number of times operation allocation failed" : 0,
			"number of times worker found no work" : 0,
			"total allocations" : 0,
			"total compact calls" : 0,
			"total insert calls" : 0,
			"total remove calls" : 0,
			"total search calls" : 0,
			"total update calls" : 0
		},
		"block-manager" : {
			"blocks pre-loaded" : 19,
			"blocks read" : 60,
			"blocks written" : 22,
			"bytes read" : 282624,
			"bytes written" : 163840,
			"bytes written for checkpoint" : 163840,
			"mapped blocks read" : 0,
			"mapped bytes read" : 0
		},
		"cache" : {
			"application threads page read from disk to cache count" : 17,
			"application threads page read from disk to cache time (usecs)" : 586,
			"application threads page write from cache to disk count" : 9,
			"application threads page write from cache to disk time (usecs)" : 489,
			"bytes belonging to page images in the cache" : 79932,
			"bytes belonging to the cache overflow table in the cache" : 182,
			"bytes currently in the cache" : 102864,
			"bytes dirty in the cache cumulative" : 90324,
			"bytes not belonging to page images in the cache" : 22931,
			"bytes read into cache" : 74012,
			"bytes written from cache" : 96492,
			"cache overflow cursor application thread wait time (usecs)" : 0,
			"cache overflow cursor internal thread wait time (usecs)" : 0,
			"cache overflow score" : 0,
			"cache overflow table entries" : 0,
			"cache overflow table insert calls" : 0,
			"cache overflow table max on-disk size" : 0,
			"cache overflow table on-disk size" : 0,
			"cache overflow table remove calls" : 0,
			"checkpoint blocked page eviction" : 0,
			"eviction calls to get a page" : 5,
			"eviction calls to get a page found queue empty" : 5,
			"eviction calls to get a page found queue empty after locking" : 0,
			"eviction currently operating in aggressive mode" : 0,
			"eviction empty score" : 0,
			"eviction passes of a file" : 0,
			"eviction server candidate queue empty when topping up" : 0,
			"eviction server candidate queue not empty when topping up" : 0,
			"eviction server evicting pages" : 0,
			"eviction server slept, because we did not make progress with eviction" : 0,
			"eviction server unable to reach eviction goal" : 0,
			"eviction server waiting for a leaf page" : 0,
			"eviction state" : 128,
			"eviction walk target pages histogram - 0-9" : 0,
			"eviction walk target pages histogram - 10-31" : 0,
			"eviction walk target pages histogram - 128 and higher" : 0,
			"eviction walk target pages histogram - 32-63" : 0,
			"eviction walk target pages histogram - 64-128" : 0,
			"eviction walk target strategy both clean and dirty pages" : 0,
			"eviction walk target strategy only clean pages" : 0,
			"eviction walk target strategy only dirty pages" : 0,
			"eviction walks abandoned" : 0,
			"eviction walks gave up because they restarted their walk twice" : 0,
			"eviction walks gave up because they saw too many pages and found no candidates" : 0,
			"eviction walks gave up because they saw too many pages and found too few candidates" : 0,
			"eviction walks reached end of tree" : 0,
			"eviction walks started from root of tree" : 0,
			"eviction walks started from saved location in tree" : 0,
			"eviction worker thread active" : 4,
			"eviction worker thread created" : 0,
			"eviction worker thread evicting pages" : 0,
			"eviction worker thread removed" : 0,
			"eviction worker thread stable number" : 0,
			"files with active eviction walks" : 0,
			"files with new eviction walks started" : 0,
			"force re-tuning of eviction workers once in a while" : 0,
			"forced eviction - pages evicted that were clean count" : 0,
			"forced eviction - pages evicted that were clean time (usecs)" : 0,
			"forced eviction - pages evicted that were dirty count" : 0,
			"forced eviction - pages evicted that were dirty time (usecs)" : 0,
			"forced eviction - pages selected because of too many deleted items count" : 0,
			"forced eviction - pages selected count" : 0,
			"forced eviction - pages selected unable to be evicted count" : 0,
			"forced eviction - pages selected unable to be evicted time" : 0,
			"hazard pointer blocked page eviction" : 0,
			"hazard pointer check calls" : 0,
			"hazard pointer check entries walked" : 0,
			"hazard pointer maximum array length" : 0,
			"in-memory page passed criteria to be split" : 0,
			"in-memory page splits" : 0,
			"internal pages evicted" : 0,
			"internal pages queued for eviction" : 0,
			"internal pages seen by eviction walk" : 0,
			"internal pages seen by eviction walk that are already queued" : 0,
			"internal pages split during eviction" : 0,
			"leaf pages split during eviction" : 0,
			"maximum bytes configured" : 16323182592,
			"maximum page size at eviction" : 0,
			"modified pages evicted" : 0,
			"modified pages evicted by application threads" : 0,
			"operations timed out waiting for space in cache" : 0,
			"overflow pages read into cache" : 0,
			"page split during eviction deepened the tree" : 0,
			"page written requiring cache overflow records" : 0,
			"pages currently held in the cache" : 39,
			"pages evicted by application threads" : 0,
			"pages queued for eviction" : 0,
			"pages queued for eviction post lru sorting" : 0,
			"pages queued for urgent eviction" : 0,
			"pages queued for urgent eviction during walk" : 0,
			"pages read into cache" : 37,
			"pages read into cache after truncate" : 0,
			"pages read into cache after truncate in prepare state" : 0,
			"pages read into cache requiring cache overflow entries" : 0,
			"pages read into cache requiring cache overflow for checkpoint" : 0,
			"pages read into cache skipping older cache overflow entries" : 0,
			"pages read into cache with skipped cache overflow entries needed later" : 0,
			"pages read into cache with skipped cache overflow entries needed later by checkpoint" : 0,
			"pages requested from the cache" : 1138,
			"pages seen by eviction walk" : 0,
			"pages seen by eviction walk that are already queued" : 0,
			"pages selected for eviction unable to be evicted" : 0,
			"pages selected for eviction unable to be evicted as the parent page has overflow items" : 0,
			"pages selected for eviction unable to be evicted because of active children on an internal page" : 0,
			"pages selected for eviction unable to be evicted because of failure in reconciliation" : 0,
			"pages selected for eviction unable to be evicted due to newer modifications on a clean page" : 0,
			"pages walked for eviction" : 0,
			"pages written from cache" : 12,
			"pages written requiring in-memory restoration" : 0,
			"percentage overhead" : 8,
			"tracked bytes belonging to internal pages in the cache" : 5411,
			"tracked bytes belonging to leaf pages in the cache" : 97453,
			"tracked dirty bytes in the cache" : 56426,
			"tracked dirty pages in the cache" : 2,
			"unmodified pages evicted" : 0
		},
		"capacity" : {
			"background fsync file handles considered" : 0,
			"background fsync file handles synced" : 0,
			"background fsync time (msecs)" : 0,
			"bytes read" : 188416,
			"bytes written for checkpoint" : 87826,
			"bytes written for eviction" : 0,
			"bytes written for log" : 838851200,
			"bytes written total" : 838939026,
			"threshold to call fsync" : 0,
			"time waiting due to total capacity (usecs)" : 0,
			"time waiting during checkpoint (usecs)" : 0,
			"time waiting during eviction (usecs)" : 0,
			"time waiting during logging (usecs)" : 0,
			"time waiting during read (usecs)" : 0
		},
		"connection" : {
			"auto adjusting condition resets" : 17,
			"auto adjusting condition wait calls" : 571,
			"detected system time went backwards" : 0,
			"files currently open" : 23,
			"memory allocations" : 12390,
			"memory frees" : 10995,
			"memory re-allocations" : 1462,
			"pthread mutex condition wait calls" : 1512,
			"pthread mutex shared lock read-lock calls" : 2513,
			"pthread mutex shared lock write-lock calls" : 346,
			"total fsync I/Os" : 27,
			"total read I/Os" : 927,
			"total write I/Os" : 37
		},
		"cursor" : {
			"cached cursor count" : 24,
			"cursor bulk loaded cursor insert calls" : 0,
			"cursor close calls that result in cache" : 294,
			"cursor create calls" : 402,
			"cursor insert calls" : 15,
			"cursor insert key and value bytes" : 10193,
			"cursor modify calls" : 0,
			"cursor modify key and value bytes affected" : 0,
			"cursor modify value bytes modified" : 0,
			"cursor next calls" : 719,
			"cursor operation restarted" : 0,
			"cursor prev calls" : 5,
			"cursor remove calls" : 1,
			"cursor remove key bytes removed" : 22,
			"cursor reserve calls" : 0,
			"cursor reset calls" : 1397,
			"cursor search calls" : 901,
			"cursor search near calls" : 12,
			"cursor sweep buckets" : 90,
			"cursor sweep cursors closed" : 0,
			"cursor sweep cursors examined" : 0,
			"cursor sweeps" : 15,
			"cursor truncate calls" : 0,
			"cursor update calls" : 0,
			"cursor update key and value bytes" : 0,
			"cursor update value size change" : 0,
			"cursors reused from cache" : 269,
			"open cursor count" : 24
		},
		"data-handle" : {
			"connection data handle size" : 432,
			"connection data handles currently active" : 39,
			"connection sweep candidate became referenced" : 0,
			"connection sweep dhandles closed" : 0,
			"connection sweep dhandles removed from hash list" : 3,
			"connection sweep time-of-death sets" : 47,
			"connection sweeps" : 8,
			"session dhandles swept" : 0,
			"session sweep attempts" : 48
		},
		"lock" : {
			"checkpoint lock acquisitions" : 2,
			"checkpoint lock application thread wait time (usecs)" : 0,
			"checkpoint lock internal thread wait time (usecs)" : 0,
			"dhandle lock application thread time waiting (usecs)" : 0,
			"dhandle lock internal thread time waiting (usecs)" : 0,
			"dhandle read lock acquisitions" : 380,
			"dhandle write lock acquisitions" : 45,
			"durable timestamp queue lock application thread time waiting (usecs)" : 0,
			"durable timestamp queue lock internal thread time waiting (usecs)" : 0,
			"durable timestamp queue read lock acquisitions" : 0,
			"durable timestamp queue write lock acquisitions" : 0,
			"metadata lock acquisitions" : 2,
			"metadata lock application thread wait time (usecs)" : 0,
			"metadata lock internal thread wait time (usecs)" : 0,
			"read timestamp queue lock application thread time waiting (usecs)" : 0,
			"read timestamp queue lock internal thread time waiting (usecs)" : 0,
			"read timestamp queue read lock acquisitions" : 0,
			"read timestamp queue write lock acquisitions" : 4,
			"schema lock acquisitions" : 43,
			"schema lock application thread wait time (usecs)" : 0,
			"schema lock internal thread wait time (usecs)" : 0,
			"table lock application thread time waiting for the table lock (usecs)" : 2,
			"table lock internal thread time waiting for the table lock (usecs)" : 0,
			"table read lock acquisitions" : 0,
			"table write lock acquisitions" : 108,
			"txn global lock application thread time waiting (usecs)" : 0,
			"txn global lock internal thread time waiting (usecs)" : 0,
			"txn global read lock acquisitions" : 15,
			"txn global write lock acquisitions" : 12
		},
		"log" : {
			"busy returns attempting to switch slots" : 0,
			"force archive time sleeping (usecs)" : 0,
			"log bytes of payload data" : 3973,
			"log bytes written" : 5632,
			"log files manually zero-filled" : 0,
			"log flush operations" : 884,
			"log force write operations" : 983,
			"log force write operations skipped" : 980,
			"log records compressed" : 3,
			"log records not compressed" : 1,
			"log records too small to compress" : 8,
			"log release advances write LSN" : 5,
			"log scan operations" : 4,
			"log scan records requiring two reads" : 3,
			"log server thread advances write LSN" : 3,
			"log server thread write LSN walk skipped" : 1070,
			"log sync operations" : 8,
			"log sync time duration (usecs)" : 1869,
			"log sync_dir operations" : 1,
			"log sync_dir time duration (usecs)" : 3,
			"log write operations" : 12,
			"logging bytes consolidated" : 5120,
			"maximum log file size" : 104857600,
			"number of pre-allocated log files to create" : 2,
			"pre-allocated log files not ready and missed" : 1,
			"pre-allocated log files prepared" : 2,
			"pre-allocated log files used" : 0,
			"records processed by log scan" : 16,
			"slot close lost race" : 0,
			"slot close unbuffered waits" : 0,
			"slot closures" : 8,
			"slot join atomic update races" : 0,
			"slot join calls atomic updates raced" : 0,
			"slot join calls did not yield" : 12,
			"slot join calls found active slot closed" : 0,
			"slot join calls slept" : 0,
			"slot join calls yielded" : 0,
			"slot join found active slot closed" : 0,
			"slot joins yield time (usecs)" : 0,
			"slot transitions unable to find free slot" : 0,
			"slot unbuffered writes" : 0,
			"total in-memory size of compressed records" : 6578,
			"total log buffer size" : 33554432,
			"total size of compressed records" : 3602,
			"written slots coalesced" : 0,
			"yields waiting for previous log file close" : 0
		},
		"perf" : {
			"file system read latency histogram (bucket 1) - 10-49ms" : 0,
			"file system read latency histogram (bucket 2) - 50-99ms" : 0,
			"file system read latency histogram (bucket 3) - 100-249ms" : 0,
			"file system read latency histogram (bucket 4) - 250-499ms" : 0,
			"file system read latency histogram (bucket 5) - 500-999ms" : 0,
			"file system read latency histogram (bucket 6) - 1000ms+" : 0,
			"file system write latency histogram (bucket 1) - 10-49ms" : 0,
			"file system write latency histogram (bucket 2) - 50-99ms" : 0,
			"file system write latency histogram (bucket 3) - 100-249ms" : 0,
			"file system write latency histogram (bucket 4) - 250-499ms" : 0,
			"file system write latency histogram (bucket 5) - 500-999ms" : 0,
			"file system write latency histogram (bucket 6) - 1000ms+" : 0,
			"operation read latency histogram (bucket 1) - 100-249us" : 1,
			"operation read latency histogram (bucket 2) - 250-499us" : 1,
			"operation read latency histogram (bucket 3) - 500-999us" : 0,
			"operation read latency histogram (bucket 4) - 1000-9999us" : 0,
			"operation read latency histogram (bucket 5) - 10000us+" : 0,
			"operation write latency histogram (bucket 1) - 100-249us" : 0,
			"operation write latency histogram (bucket 2) - 250-499us" : 0,
			"operation write latency histogram (bucket 3) - 500-999us" : 0,
			"operation write latency histogram (bucket 4) - 1000-9999us" : 0,
			"operation write latency histogram (bucket 5) - 10000us+" : 0
		},
		"reconciliation" : {
			"fast-path pages deleted" : 0,
			"page reconciliation calls" : 12,
			"page reconciliation calls for eviction" : 0,
			"pages deleted" : 0,
			"split bytes currently awaiting free" : 0,
			"split objects currently awaiting free" : 0
		},
		"session" : {
			"open session count" : 20,
			"session query timestamp calls" : 0,
			"table alter failed calls" : 0,
			"table alter successful calls" : 0,
			"table alter unchanged and skipped" : 0,
			"table compact failed calls" : 0,
			"table compact successful calls" : 0,
			"table create failed calls" : 0,
			"table create successful calls" : 1,
			"table drop failed calls" : 0,
			"table drop successful calls" : 0,
			"table import failed calls" : 0,
			"table import successful calls" : 0,
			"table rebalance failed calls" : 0,
			"table rebalance successful calls" : 0,
			"table rename failed calls" : 0,
			"table rename successful calls" : 0,
			"table salvage failed calls" : 0,
			"table salvage successful calls" : 0,
			"table truncate failed calls" : 0,
			"table truncate successful calls" : 0,
			"table verify failed calls" : 0,
			"table verify successful calls" : 0
		},
		"thread-state" : {
			"active filesystem fsync calls" : 0,
			"active filesystem read calls" : 0,
			"active filesystem write calls" : 0
		},
		"thread-yield" : {
			"application thread time evicting (usecs)" : 0,
			"application thread time waiting for cache (usecs)" : 0,
			"connection close blocked waiting for transaction state stabilization" : 0,
			"connection close yielded for lsm manager shutdown" : 0,
			"data handle lock yielded" : 0,
			"get reference for page index and slot time sleeping (usecs)" : 0,
			"log server sync yielded for log write" : 0,
			"page access yielded due to prepare state change" : 0,
			"page acquire busy blocked" : 0,
			"page acquire eviction blocked" : 0,
			"page acquire locked blocked" : 0,
			"page acquire read blocked" : 0,
			"page acquire time sleeping (usecs)" : 0,
			"page delete rollback time sleeping for state change (usecs)" : 0,
			"page reconciliation yielded due to child modification" : 0
		},
		"transaction" : {
			"Number of prepared updates" : 0,
			"Number of prepared updates added to cache overflow" : 0,
			"durable timestamp queue entries walked" : 0,
			"durable timestamp queue insert to empty" : 0,
			"durable timestamp queue inserts to head" : 0,
			"durable timestamp queue inserts total" : 0,
			"durable timestamp queue length" : 0,
			"number of named snapshots created" : 0,
			"number of named snapshots dropped" : 0,
			"prepared transactions" : 0,
			"prepared transactions committed" : 0,
			"prepared transactions currently active" : 0,
			"prepared transactions rolled back" : 0,
			"query timestamp calls" : 266,
			"read timestamp queue entries walked" : 2,
			"read timestamp queue insert to empty" : 2,
			"read timestamp queue inserts to head" : 2,
			"read timestamp queue inserts total" : 4,
			"read timestamp queue length" : 1,
			"rollback to stable calls" : 0,
			"rollback to stable updates aborted" : 0,
			"rollback to stable updates removed from cache overflow" : 0,
			"set timestamp calls" : 3,
			"set timestamp durable calls" : 0,
			"set timestamp durable updates" : 0,
			"set timestamp oldest calls" : 1,
			"set timestamp oldest updates" : 1,
			"set timestamp stable calls" : 2,
			"set timestamp stable updates" : 1,
			"transaction begins" : 298,
			"transaction checkpoint currently running" : 0,
			"transaction checkpoint generation" : 3,
			"transaction checkpoint max time (msecs)" : 5,
			"transaction checkpoint min time (msecs)" : 2,
			"transaction checkpoint most recent time (msecs)" : 5,
			"transaction checkpoint scrub dirty target" : 0,
			"transaction checkpoint scrub time (msecs)" : 0,
			"transaction checkpoint total time (msecs)" : 7,
			"transaction checkpoints" : 2,
			"transaction checkpoints skipped because database was clean" : 0,
			"transaction failures due to cache overflow" : 0,
			"transaction fsync calls for checkpoint after allocating the transaction ID" : 2,
			"transaction fsync duration for checkpoint after allocating the transaction ID (usecs)" : 2115,
			"transaction range of IDs currently pinned" : 0,
			"transaction range of IDs currently pinned by a checkpoint" : 0,
			"transaction range of IDs currently pinned by named snapshots" : 0,
			"transaction range of timestamps currently pinned" : 0,
			"transaction range of timestamps pinned by a checkpoint" : 0,
			"transaction range of timestamps pinned by the oldest active read timestamp" : 0,
			"transaction range of timestamps pinned by the oldest timestamp" : 0,
			"transaction read timestamp of the oldest active reader" : 0,
			"transaction sync calls" : 0,
			"transactions committed" : 3,
			"transactions rolled back" : 295,
			"update conflicts" : 0
		},
		"concurrentTransactions" : {
			"write" : {
				"out" : 0,
				"available" : 128,
				"totalTickets" : 128
			},
			"read" : {
				"out" : 1,
				"available" : 127,
				"totalTickets" : 128
			}
		},
		"snapshot-window-settings" : {
			"cache pressure percentage threshold" : 95,
			"current cache pressure percentage" : NumberLong(0),
			"total number of SnapshotTooOld errors" : NumberLong(0),
			"max target available snapshots window size in seconds" : 5,
			"target available snapshots window size in seconds" : 5,
			"current available snapshots window size in seconds" : 0,
			"latest majority snapshot timestamp available" : "Aug  4 06:50:50:1",
			"oldest majority snapshot timestamp available" : "Aug  4 06:50:50:1"
		},
		"oplog" : {
			"visibility timestamp" : Timestamp(1596523850, 1)
		}
	},
	"mem" : {
		"bits" : 64,
		"resident" : 108,
		"virtual" : 1729,
		"supported" : true
	},
	"metrics" : {
		"aggStageCounters" : {
			"$_internalInhibitOptimization" : NumberLong(0),
			"$_internalSplitPipeline" : NumberLong(0),
			"$addFields" : NumberLong(0),
			"$bucket" : NumberLong(0),
			"$bucketAuto" : NumberLong(0),
			"$changeStream" : NumberLong(0),
			"$collStats" : NumberLong(0),
			"$count" : NumberLong(0),
			"$currentOp" : NumberLong(0),
			"$facet" : NumberLong(0),
			"$geoNear" : NumberLong(0),
			"$graphLookup" : NumberLong(0),
			"$group" : NumberLong(0),
			"$indexStats" : NumberLong(0),
			"$limit" : NumberLong(0),
			"$listLocalSessions" : NumberLong(0),
			"$listSessions" : NumberLong(0),
			"$lookup" : NumberLong(0),
			"$match" : NumberLong(0),
			"$merge" : NumberLong(0),
			"$mergeCursors" : NumberLong(0),
			"$out" : NumberLong(0),
			"$planCacheStats" : NumberLong(0),
			"$project" : NumberLong(0),
			"$redact" : NumberLong(0),
			"$replaceRoot" : NumberLong(0),
			"$replaceWith" : NumberLong(0),
			"$sample" : NumberLong(0),
			"$set" : NumberLong(0),
			"$skip" : NumberLong(0),
			"$sort" : NumberLong(0),
			"$sortByCount" : NumberLong(0),
			"$unset" : NumberLong(0),
			"$unwind" : NumberLong(0)
		},
		"commands" : {
			"buildInfo" : {
				"failed" : NumberLong(0),
				"total" : NumberLong(12)
			},
			"endSessions" : {
				"failed" : NumberLong(0),
				"total" : NumberLong(2)
			},
			"find" : {
				"failed" : NumberLong(0),
				"total" : NumberLong(3)
			},
			"isMaster" : {
				"failed" : NumberLong(0),
				"total" : NumberLong(17)
			},
			"listIndexes" : {
				"failed" : NumberLong(0),
				"total" : NumberLong(1)
			},
			"ping" : {
				"failed" : NumberLong(0),
				"total" : NumberLong(9)
			},
			"replSetHeartbeat" : {
				"failed" : NumberLong(0),
				"total" : NumberLong(44)
			},
			"saslContinue" : {
				"failed" : NumberLong(0),
				"total" : NumberLong(10)
			},
			"saslStart" : {
				"failed" : NumberLong(0),
				"total" : NumberLong(5)
			},
			"serverStatus" : {
				"failed" : NumberLong(0),
				"total" : NumberLong(1)
			},
			"whatsmyuri" : {
				"failed" : NumberLong(0),
				"total" : NumberLong(12)
			}
		},
		"cursor" : {
			"timedOut" : NumberLong(0),
			"open" : {
				"noTimeout" : NumberLong(0),
				"pinned" : NumberLong(0),
				"total" : NumberLong(0)
			}
		},
		"document" : {
			"deleted" : NumberLong(0),
			"inserted" : NumberLong(0),
			"returned" : NumberLong(2),
			"updated" : NumberLong(0)
		},
		"getLastError" : {
			"wtime" : {
				"num" : 0,
				"totalMillis" : 0
			},
			"wtimeouts" : NumberLong(0)
		},
		"operation" : {
			"scanAndOrder" : NumberLong(1),
			"writeConflicts" : NumberLong(0)
		},
		"query" : {
			"planCacheTotalSizeEstimateBytes" : NumberLong(0),
			"updateOneOpStyleBroadcastWithExactIDCount" : NumberLong(0)
		},
		"queryExecutor" : {
			"scanned" : NumberLong(0),
			"scannedObjects" : NumberLong(2)
		},
		"record" : {
			"moves" : NumberLong(0)
		},
		"repl" : {
			"executor" : {
				"pool" : {
					"inProgressCount" : 0
				},
				"queues" : {
					"networkInProgress" : 0,
					"sleepers" : 5
				},
				"unsignaledEvents" : 0,
				"shuttingDown" : false,
				"networkInterface" : "DEPRECATED: getDiagnosticString is deprecated in NetworkInterfaceTL"
			},
			"apply" : {
				"attemptsToBecomeSecondary" : NumberLong(1),
				"batchSize" : NumberLong(0),
				"batches" : {
					"num" : 0,
					"totalMillis" : 0
				},
				"ops" : NumberLong(0)
			},
			"buffer" : {
				"count" : NumberLong(0),
				"maxSizeBytes" : NumberLong(268435456),
				"sizeBytes" : NumberLong(0)
			},
			"initialSync" : {
				"completed" : NumberLong(0),
				"failedAttempts" : NumberLong(0),
				"failures" : NumberLong(0)
			},
			"network" : {
				"bytes" : NumberLong(0),
				"getmores" : {
					"num" : 0,
					"totalMillis" : 0
				},
				"notMasterLegacyUnacknowledgedWrites" : NumberLong(0),
				"notMasterUnacknowledgedWrites" : NumberLong(0),
				"ops" : NumberLong(0),
				"readersCreated" : NumberLong(0),
				"replSetUpdatePosition" : {
					"num" : NumberLong(0)
				}
			},
			"stateTransition" : {
				"lastStateTransition" : "",
				"userOperationsKilled" : NumberLong(0),
				"userOperationsRunning" : NumberLong(0)
			},
			"syncSource" : {
				"numSelections" : NumberLong(89),
				"numTimesChoseDifferent" : NumberLong(0),
				"numTimesChoseSame" : NumberLong(0),
				"numTimesCouldNotFind" : NumberLong(89)
			}
		},
		"ttl" : {
			"deletedDocuments" : NumberLong(0),
			"passes" : NumberLong(1)
		}
	},
	"ok" : 1,
	"$clusterTime" : {
		"clusterTime" : Timestamp(1596523850, 1),
		"signature" : {
			"hash" : BinData(0,"Y81m/3RWTCEAatQFBLCJeCMb2RA="),
			"keyId" : NumberLong("6857013629930176516")
		}
	},
	"operationTime" : Timestamp(1596523850, 1)
}
